[inst #1] addi $9,$0,10
Register Write to Reg: 0x09 Val: 0x0000000A
[inst #2] addi $10,$0,200
Register Write to Reg: 0x0A Val: 0x000000C8
[inst #3] add $11,$9,$10
Register Write to Reg: 0x0B Val: 0x000000D2
[inst #4] slt $11,$10,$9
Register Write to Reg: 0x0B Val: 0x00000000
[inst #5] slt $11,$9,$10
Register Write to Reg: 0x0B Val: 0x00000001
[inst #6] slti $11,$9,50
Register Write to Reg: 0x0B Val: 0x00000001
[inst #7] slti $11,$10,50
Register Write to Reg: 0x0B Val: 0x00000000
[inst #8] sltiu $11,$9,50
Register Write to Reg: 0x0B Val: 0x00000001
[inst #9] sltiu $11,$10,50
Register Write to Reg: 0x0B Val: 0x00000000
[inst #10] sltu $11,$9,$10
Register Write to Reg: 0x0B Val: 0x00000001
[inst #11] sltu $11,$10,$9
Register Write to Reg: 0x0B Val: 0x00000000
[inst #12] addiu $2,$0,10
Register Write to Reg: 0x02 Val: 0x0000000A
[inst #13] syscall 

