In clock cycle: 1
Register Write to Reg: 0x01 Val: 0x10010000
In clock cycle: 2
Register Write to Reg: 0x10 Val: 0x10010000
In clock cycle: 3
Register Write to Reg: 0x01 Val: 0x10010000
In clock cycle: 4
Register Write to Reg: 0x15 Val: 0x10010020
In clock cycle: 5
Register Write to Reg: 0x15 Val: 0x00000008
In clock cycle: 6
Register Write to Reg: 0x09 Val: 0x00000065
In clock cycle: 7
Memory Write to Addr: 0x10010000 Val: 0x00000065
In clock cycle: 8
Register Write to Reg: 0x09 Val: 0x00000065
In clock cycle: 9
Register Write to Reg: 0x09 Val: 0x00000009
In clock cycle: 10
Memory Write to Addr: 0x10010004 Val: 0x00000009
In clock cycle: 11
Register Write to Reg: 0x09 Val: 0x00000009
In clock cycle: 12
Register Write to Reg: 0x09 Val: 0x00000003
In clock cycle: 13
Memory Write to Addr: 0x10010008 Val: 0x00000003
In clock cycle: 14
Register Write to Reg: 0x09 Val: 0x00000003
In clock cycle: 15
Register Write to Reg: 0x09 Val: 0x00000071
In clock cycle: 16
Memory Write to Addr: 0x1001000C Val: 0x00000071
In clock cycle: 17
Register Write to Reg: 0x09 Val: 0x00000071
In clock cycle: 18
Register Write to Reg: 0x09 Val: 0x0000000D
In clock cycle: 19
Memory Write to Addr: 0x10010010 Val: 0x0000000D
In clock cycle: 20
Register Write to Reg: 0x09 Val: 0x0000000D
In clock cycle: 21
Register Write to Reg: 0x09 Val: 0x00000006
In clock cycle: 22
Memory Write to Addr: 0x10010014 Val: 0x00000006
In clock cycle: 23
Register Write to Reg: 0x09 Val: 0x00000006
In clock cycle: 24
Register Write to Reg: 0x09 Val: 0x00000013
In clock cycle: 25
Memory Write to Addr: 0x10010018 Val: 0x00000013
In clock cycle: 26
Register Write to Reg: 0x09 Val: 0x00000013
In clock cycle: 27
Register Write to Reg: 0x09 Val: 0x00000014
In clock cycle: 28
Memory Write to Addr: 0x10010018 Val: 0x00000014
In clock cycle: 29
Register Write to Reg: 0x09 Val: 0x00000014
In clock cycle: 30
Register Write to Reg: 0x09 Val: 0x00000014
In clock cycle: 31
Memory Write to Addr: 0x10010018 Val: 0x00000014
In clock cycle: 32
Register Write to Reg: 0x09 Val: 0x00000014
In clock cycle: 33
Register Write to Reg: 0x09 Val: 0x00000014
In clock cycle: 34
Memory Write to Addr: 0x10010018 Val: 0x00000014
In clock cycle: 35
Register Write to Reg: 0x09 Val: 0x00000014
In clock cycle: 36
Register Write to Reg: 0x1D Val: 0x7FFFEFF4
In clock cycle: 37
Memory Write to Addr: 0x7FFFEFF4 Val: 0x10010000
In clock cycle: 38
Memory Write to Addr: 0x7FFFEFF8 Val: 0x00000008
In clock cycle: 39
Register Write to Reg: 0x04 Val: 0x10010000
In clock cycle: 40
Register Write to Reg: 0x05 Val: 0x00000008
In clock cycle: 41
Register Write to Reg: 0x1F Val: 0x004000A4
In clock cycle: 42
Register Write to Reg: 0x01 Val: 0x00000001
In clock cycle: 44
Register Write to Reg: 0x11 Val: 0x00000000
In clock cycle: 45
Register Write to Reg: 0x08 Val: 0x00000000
In clock cycle: 46
Register Write to Reg: 0x12 Val: 0x00000007
In clock cycle: 47
Register Write to Reg: 0x08 Val: 0x00000001
In clock cycle: 48
Register Write to Reg: 0x01 Val: 0x00000001
In clock cycle: 50
Register Write to Reg: 0x09 Val: 0x00000000
In clock cycle: 51
Register Write to Reg: 0x09 Val: 0x00000000
In clock cycle: 52
Register Write to Reg: 0x09 Val: 0x10010000
In clock cycle: 53
Register Write to Reg: 0x0A Val: 0x00000065
In clock cycle: 54
Register Write to Reg: 0x0B Val: 0x00000001
In clock cycle: 55
Register Write to Reg: 0x0B Val: 0x00000002
In clock cycle: 56
Register Write to Reg: 0x0B Val: 0x00000004
In clock cycle: 57
Register Write to Reg: 0x0B Val: 0x10010004
In clock cycle: 58
Register Write to Reg: 0x0C Val: 0x00000009
In clock cycle: 59
Register Write to Reg: 0x08 Val: 0x00000000
In clock cycle: 60
Register Write to Reg: 0x08 Val: 0x00000001
In clock cycle: 61
Register Write to Reg: 0x01 Val: 0x00000001
In clock cycle: 63
Memory Write to Addr: 0x10010004 Val: 0x00000065
In clock cycle: 64
Memory Write to Addr: 0x10010000 Val: 0x00000009
In clock cycle: 65
Register Write to Reg: 0x11 Val: 0x00000001
In clock cycle: 67
Register Write to Reg: 0x08 Val: 0x00000001
In clock cycle: 68
Register Write to Reg: 0x01 Val: 0x00000001
In clock cycle: 70
Register Write to Reg: 0x09 Val: 0x00000002
In clock cycle: 71
Register Write to Reg: 0x09 Val: 0x00000004
In clock cycle: 72
Register Write to Reg: 0x09 Val: 0x10010004
In clock cycle: 73
Register Write to Reg: 0x0A Val: 0x00000065
In clock cycle: 74
Register Write to Reg: 0x0B Val: 0x00000002
In clock cycle: 75
Register Write to Reg: 0x0B Val: 0x00000004
In clock cycle: 76
Register Write to Reg: 0x0B Val: 0x00000008
In clock cycle: 77
Register Write to Reg: 0x0B Val: 0x10010008
In clock cycle: 78
Register Write to Reg: 0x0C Val: 0x00000003
In clock cycle: 79
Register Write to Reg: 0x08 Val: 0x00000000
In clock cycle: 80
Register Write to Reg: 0x08 Val: 0x00000001
In clock cycle: 81
Register Write to Reg: 0x01 Val: 0x00000001
In clock cycle: 83
Memory Write to Addr: 0x10010008 Val: 0x00000065
In clock cycle: 84
Memory Write to Addr: 0x10010004 Val: 0x00000003
In clock cycle: 85
Register Write to Reg: 0x11 Val: 0x00000002
In clock cycle: 87
Register Write to Reg: 0x08 Val: 0x00000001
In clock cycle: 88
Register Write to Reg: 0x01 Val: 0x00000001
In clock cycle: 90
Register Write to Reg: 0x09 Val: 0x00000004
In clock cycle: 91
Register Write to Reg: 0x09 Val: 0x00000008
In clock cycle: 92
Register Write to Reg: 0x09 Val: 0x10010008
In clock cycle: 93
Register Write to Reg: 0x0A Val: 0x00000065
In clock cycle: 94
Register Write to Reg: 0x0B Val: 0x00000003
In clock cycle: 95
Register Write to Reg: 0x0B Val: 0x00000006
In clock cycle: 96
Register Write to Reg: 0x0B Val: 0x0000000C
In clock cycle: 97
Register Write to Reg: 0x0B Val: 0x1001000C
In clock cycle: 98
Register Write to Reg: 0x0C Val: 0x00000071
In clock cycle: 99
Register Write to Reg: 0x08 Val: 0x00000000
In clock cycle: 100
Register Write to Reg: 0x08 Val: 0x00000000
In clock cycle: 101
Register Write to Reg: 0x01 Val: 0x00000001
In clock cycle: 103
Register Write to Reg: 0x11 Val: 0x00000003
In clock cycle: 105
Register Write to Reg: 0x08 Val: 0x00000001
In clock cycle: 106
Register Write to Reg: 0x01 Val: 0x00000001
In clock cycle: 108
Register Write to Reg: 0x09 Val: 0x00000006
In clock cycle: 109
Register Write to Reg: 0x09 Val: 0x0000000C
In clock cycle: 110
Register Write to Reg: 0x09 Val: 0x1001000C
In clock cycle: 111
Register Write to Reg: 0x0A Val: 0x00000071
In clock cycle: 112
Register Write to Reg: 0x0B Val: 0x00000004
In clock cycle: 113
Register Write to Reg: 0x0B Val: 0x00000008
In clock cycle: 114
Register Write to Reg: 0x0B Val: 0x00000010
In clock cycle: 115
Register Write to Reg: 0x0B Val: 0x10010010
In clock cycle: 116
Register Write to Reg: 0x0C Val: 0x0000000D
In clock cycle: 117
Register Write to Reg: 0x08 Val: 0x00000000
In clock cycle: 118
Register Write to Reg: 0x08 Val: 0x00000001
In clock cycle: 119
Register Write to Reg: 0x01 Val: 0x00000001
In clock cycle: 121
Memory Write to Addr: 0x10010010 Val: 0x00000071
In clock cycle: 122
Memory Write to Addr: 0x1001000C Val: 0x0000000D
In clock cycle: 123
Register Write to Reg: 0x11 Val: 0x00000004
In clock cycle: 125
Register Write to Reg: 0x08 Val: 0x00000001
In clock cycle: 126
Register Write to Reg: 0x01 Val: 0x00000001
In clock cycle: 128
Register Write to Reg: 0x09 Val: 0x00000008
In clock cycle: 129
Register Write to Reg: 0x09 Val: 0x00000010
In clock cycle: 130
Register Write to Reg: 0x09 Val: 0x10010010
In clock cycle: 131
Register Write to Reg: 0x0A Val: 0x00000071
In clock cycle: 132
Register Write to Reg: 0x0B Val: 0x00000005
In clock cycle: 133
Register Write to Reg: 0x0B Val: 0x0000000A
In clock cycle: 134
Register Write to Reg: 0x0B Val: 0x00000014
In clock cycle: 135
Register Write to Reg: 0x0B Val: 0x10010014
In clock cycle: 136
Register Write to Reg: 0x0C Val: 0x00000006
In clock cycle: 137
Register Write to Reg: 0x08 Val: 0x00000000
In clock cycle: 138
Register Write to Reg: 0x08 Val: 0x00000001
In clock cycle: 139
Register Write to Reg: 0x01 Val: 0x00000001
In clock cycle: 141
Memory Write to Addr: 0x10010014 Val: 0x00000071
In clock cycle: 142
Memory Write to Addr: 0x10010010 Val: 0x00000006
In clock cycle: 143
Register Write to Reg: 0x11 Val: 0x00000005
In clock cycle: 145
Register Write to Reg: 0x08 Val: 0x00000001
In clock cycle: 146
Register Write to Reg: 0x01 Val: 0x00000001
In clock cycle: 148
Register Write to Reg: 0x09 Val: 0x0000000A
In clock cycle: 149
Register Write to Reg: 0x09 Val: 0x00000014
In clock cycle: 150
Register Write to Reg: 0x09 Val: 0x10010014
In clock cycle: 151
Register Write to Reg: 0x0A Val: 0x00000071
In clock cycle: 152
Register Write to Reg: 0x0B Val: 0x00000006
In clock cycle: 153
Register Write to Reg: 0x0B Val: 0x0000000C
In clock cycle: 154
Register Write to Reg: 0x0B Val: 0x00000018
In clock cycle: 155
Register Write to Reg: 0x0B Val: 0x10010018
In clock cycle: 156
Register Write to Reg: 0x0C Val: 0x00000014
In clock cycle: 157
Register Write to Reg: 0x08 Val: 0x00000000
In clock cycle: 158
Register Write to Reg: 0x08 Val: 0x00000001
In clock cycle: 159
Register Write to Reg: 0x01 Val: 0x00000001
In clock cycle: 161
Memory Write to Addr: 0x10010018 Val: 0x00000071
In clock cycle: 162
Memory Write to Addr: 0x10010014 Val: 0x00000014
In clock cycle: 163
Register Write to Reg: 0x11 Val: 0x00000006
In clock cycle: 165
Register Write to Reg: 0x08 Val: 0x00000001
In clock cycle: 166
Register Write to Reg: 0x01 Val: 0x00000001
In clock cycle: 168
Register Write to Reg: 0x09 Val: 0x0000000C
In clock cycle: 169
Register Write to Reg: 0x09 Val: 0x00000018
In clock cycle: 170
Register Write to Reg: 0x09 Val: 0x10010018
In clock cycle: 171
Register Write to Reg: 0x0A Val: 0x00000071
In clock cycle: 172
Register Write to Reg: 0x0B Val: 0x00000007
In clock cycle: 173
Register Write to Reg: 0x0B Val: 0x0000000E
In clock cycle: 174
Register Write to Reg: 0x0B Val: 0x0000001C
In clock cycle: 175
Register Write to Reg: 0x0B Val: 0x1001001C
In clock cycle: 176
Register Write to Reg: 0x0C Val: 0x00000000
In clock cycle: 177
Register Write to Reg: 0x08 Val: 0x00000000
In clock cycle: 178
Register Write to Reg: 0x08 Val: 0x00000001
In clock cycle: 179
Register Write to Reg: 0x01 Val: 0x00000001
In clock cycle: 181
Memory Write to Addr: 0x1001001C Val: 0x00000071
In clock cycle: 182
Memory Write to Addr: 0x10010018 Val: 0x00000000
In clock cycle: 183
Register Write to Reg: 0x11 Val: 0x00000007
In clock cycle: 185
Register Write to Reg: 0x08 Val: 0x00000000
In clock cycle: 186
Register Write to Reg: 0x01 Val: 0x00000001
In clock cycle: 188
Register Write to Reg: 0x1D Val: 0x7FFFEFE8
In clock cycle: 189
Memory Write to Addr: 0x7FFFEFE8 Val: 0x10010000
In clock cycle: 190
Memory Write to Addr: 0x7FFFEFEC Val: 0x00000008
In clock cycle: 191
Memory Write to Addr: 0x7FFFEFF0 Val: 0x004000A4
In clock cycle: 192
Register Write to Reg: 0x05 Val: 0x00000007
In clock cycle: 193
Register Write to Reg: 0x1F Val: 0x00400138
In clock cycle: 194
Register Write to Reg: 0x01 Val: 0x00000001
In clock cycle: 196
Register Write to Reg: 0x11 Val: 0x00000000
In clock cycle: 197
Register Write to Reg: 0x08 Val: 0x00000000
In clock cycle: 198
Register Write to Reg: 0x12 Val: 0x00000006
In clock cycle: 199
Register Write to Reg: 0x08 Val: 0x00000001
In clock cycle: 200
Register Write to Reg: 0x01 Val: 0x00000001
In clock cycle: 202
Register Write to Reg: 0x09 Val: 0x00000000
In clock cycle: 203
Register Write to Reg: 0x09 Val: 0x00000000
In clock cycle: 204
Register Write to Reg: 0x09 Val: 0x10010000
In clock cycle: 205
Register Write to Reg: 0x0A Val: 0x00000009
In clock cycle: 206
Register Write to Reg: 0x0B Val: 0x00000001
In clock cycle: 207
Register Write to Reg: 0x0B Val: 0x00000002
In clock cycle: 208
Register Write to Reg: 0x0B Val: 0x00000004
In clock cycle: 209
Register Write to Reg: 0x0B Val: 0x10010004
In clock cycle: 210
Register Write to Reg: 0x0C Val: 0x00000003
In clock cycle: 211
Register Write to Reg: 0x08 Val: 0x00000000
In clock cycle: 212
Register Write to Reg: 0x08 Val: 0x00000001
In clock cycle: 213
Register Write to Reg: 0x01 Val: 0x00000001
In clock cycle: 215
Memory Write to Addr: 0x10010004 Val: 0x00000009
In clock cycle: 216
Memory Write to Addr: 0x10010000 Val: 0x00000003
In clock cycle: 217
Register Write to Reg: 0x11 Val: 0x00000001
In clock cycle: 219
Register Write to Reg: 0x08 Val: 0x00000001
In clock cycle: 220
Register Write to Reg: 0x01 Val: 0x00000001
In clock cycle: 222
Register Write to Reg: 0x09 Val: 0x00000002
In clock cycle: 223
Register Write to Reg: 0x09 Val: 0x00000004
In clock cycle: 224
Register Write to Reg: 0x09 Val: 0x10010004
In clock cycle: 225
Register Write to Reg: 0x0A Val: 0x00000009
In clock cycle: 226
Register Write to Reg: 0x0B Val: 0x00000002
In clock cycle: 227
Register Write to Reg: 0x0B Val: 0x00000004
In clock cycle: 228
Register Write to Reg: 0x0B Val: 0x00000008
In clock cycle: 229
Register Write to Reg: 0x0B Val: 0x10010008
In clock cycle: 230
Register Write to Reg: 0x0C Val: 0x00000065
In clock cycle: 231
Register Write to Reg: 0x08 Val: 0x00000000
In clock cycle: 232
Register Write to Reg: 0x08 Val: 0x00000000
In clock cycle: 233
Register Write to Reg: 0x01 Val: 0x00000001
In clock cycle: 235
Register Write to Reg: 0x11 Val: 0x00000002
In clock cycle: 237
Register Write to Reg: 0x08 Val: 0x00000001
In clock cycle: 238
Register Write to Reg: 0x01 Val: 0x00000001
In clock cycle: 240
Register Write to Reg: 0x09 Val: 0x00000004
In clock cycle: 241
Register Write to Reg: 0x09 Val: 0x00000008
In clock cycle: 242
Register Write to Reg: 0x09 Val: 0x10010008
In clock cycle: 243
Register Write to Reg: 0x0A Val: 0x00000065
In clock cycle: 244
Register Write to Reg: 0x0B Val: 0x00000003
In clock cycle: 245
Register Write to Reg: 0x0B Val: 0x00000006
In clock cycle: 246
Register Write to Reg: 0x0B Val: 0x0000000C
In clock cycle: 247
Register Write to Reg: 0x0B Val: 0x1001000C
In clock cycle: 248
Register Write to Reg: 0x0C Val: 0x0000000D
In clock cycle: 249
Register Write to Reg: 0x08 Val: 0x00000000
In clock cycle: 250
Register Write to Reg: 0x08 Val: 0x00000001
In clock cycle: 251
Register Write to Reg: 0x01 Val: 0x00000001
In clock cycle: 253
Memory Write to Addr: 0x1001000C Val: 0x00000065
In clock cycle: 254
Memory Write to Addr: 0x10010008 Val: 0x0000000D
In clock cycle: 255
Register Write to Reg: 0x11 Val: 0x00000003
In clock cycle: 257
Register Write to Reg: 0x08 Val: 0x00000001
In clock cycle: 258
Register Write to Reg: 0x01 Val: 0x00000001
In clock cycle: 260
Register Write to Reg: 0x09 Val: 0x00000006
In clock cycle: 261
Register Write to Reg: 0x09 Val: 0x0000000C
In clock cycle: 262
Register Write to Reg: 0x09 Val: 0x1001000C
In clock cycle: 263
Register Write to Reg: 0x0A Val: 0x00000065
In clock cycle: 264
Register Write to Reg: 0x0B Val: 0x00000004
In clock cycle: 265
Register Write to Reg: 0x0B Val: 0x00000008
In clock cycle: 266
Register Write to Reg: 0x0B Val: 0x00000010
In clock cycle: 267
Register Write to Reg: 0x0B Val: 0x10010010
In clock cycle: 268
Register Write to Reg: 0x0C Val: 0x00000006
In clock cycle: 269
Register Write to Reg: 0x08 Val: 0x00000000
In clock cycle: 270
Register Write to Reg: 0x08 Val: 0x00000001
In clock cycle: 271
Register Write to Reg: 0x01 Val: 0x00000001
In clock cycle: 273
Memory Write to Addr: 0x10010010 Val: 0x00000065
In clock cycle: 274
Memory Write to Addr: 0x1001000C Val: 0x00000006
In clock cycle: 275
Register Write to Reg: 0x11 Val: 0x00000004
In clock cycle: 277
Register Write to Reg: 0x08 Val: 0x00000001
In clock cycle: 278
Register Write to Reg: 0x01 Val: 0x00000001
In clock cycle: 280
Register Write to Reg: 0x09 Val: 0x00000008
In clock cycle: 281
Register Write to Reg: 0x09 Val: 0x00000010
In clock cycle: 282
Register Write to Reg: 0x09 Val: 0x10010010
In clock cycle: 283
Register Write to Reg: 0x0A Val: 0x00000065
In clock cycle: 284
Register Write to Reg: 0x0B Val: 0x00000005
In clock cycle: 285
Register Write to Reg: 0x0B Val: 0x0000000A
In clock cycle: 286
Register Write to Reg: 0x0B Val: 0x00000014
In clock cycle: 287
Register Write to Reg: 0x0B Val: 0x10010014
In clock cycle: 288
Register Write to Reg: 0x0C Val: 0x00000014
In clock cycle: 289
Register Write to Reg: 0x08 Val: 0x00000000
In clock cycle: 290
Register Write to Reg: 0x08 Val: 0x00000001
In clock cycle: 291
Register Write to Reg: 0x01 Val: 0x00000001
In clock cycle: 293
Memory Write to Addr: 0x10010014 Val: 0x00000065
In clock cycle: 294
Memory Write to Addr: 0x10010010 Val: 0x00000014
In clock cycle: 295
Register Write to Reg: 0x11 Val: 0x00000005
In clock cycle: 297
Register Write to Reg: 0x08 Val: 0x00000001
In clock cycle: 298
Register Write to Reg: 0x01 Val: 0x00000001
In clock cycle: 300
Register Write to Reg: 0x09 Val: 0x0000000A
In clock cycle: 301
Register Write to Reg: 0x09 Val: 0x00000014
In clock cycle: 302
Register Write to Reg: 0x09 Val: 0x10010014
In clock cycle: 303
Register Write to Reg: 0x0A Val: 0x00000065
In clock cycle: 304
Register Write to Reg: 0x0B Val: 0x00000006
In clock cycle: 305
Register Write to Reg: 0x0B Val: 0x0000000C
In clock cycle: 306
Register Write to Reg: 0x0B Val: 0x00000018
In clock cycle: 307
Register Write to Reg: 0x0B Val: 0x10010018
In clock cycle: 308
Register Write to Reg: 0x0C Val: 0x00000000
In clock cycle: 309
Register Write to Reg: 0x08 Val: 0x00000000
In clock cycle: 310
Register Write to Reg: 0x08 Val: 0x00000001
In clock cycle: 311
Register Write to Reg: 0x01 Val: 0x00000001
In clock cycle: 313
Memory Write to Addr: 0x10010018 Val: 0x00000065
In clock cycle: 314
Memory Write to Addr: 0x10010014 Val: 0x00000000
In clock cycle: 315
Register Write to Reg: 0x11 Val: 0x00000006
In clock cycle: 317
Register Write to Reg: 0x08 Val: 0x00000000
In clock cycle: 318
Register Write to Reg: 0x01 Val: 0x00000001
In clock cycle: 320
Register Write to Reg: 0x1D Val: 0x7FFFEFDC
In clock cycle: 321
Memory Write to Addr: 0x7FFFEFDC Val: 0x10010000
In clock cycle: 322
Memory Write to Addr: 0x7FFFEFE0 Val: 0x00000007
In clock cycle: 323
Memory Write to Addr: 0x7FFFEFE4 Val: 0x00400138
In clock cycle: 324
Register Write to Reg: 0x05 Val: 0x00000006
In clock cycle: 325
Register Write to Reg: 0x1F Val: 0x00400138
In clock cycle: 326
Register Write to Reg: 0x01 Val: 0x00000001
In clock cycle: 328
Register Write to Reg: 0x11 Val: 0x00000000
In clock cycle: 329
Register Write to Reg: 0x08 Val: 0x00000000
In clock cycle: 330
Register Write to Reg: 0x12 Val: 0x00000005
In clock cycle: 331
Register Write to Reg: 0x08 Val: 0x00000001
In clock cycle: 332
Register Write to Reg: 0x01 Val: 0x00000001
In clock cycle: 334
Register Write to Reg: 0x09 Val: 0x00000000
In clock cycle: 335
Register Write to Reg: 0x09 Val: 0x00000000
In clock cycle: 336
Register Write to Reg: 0x09 Val: 0x10010000
In clock cycle: 337
Register Write to Reg: 0x0A Val: 0x00000003
In clock cycle: 338
Register Write to Reg: 0x0B Val: 0x00000001
In clock cycle: 339
Register Write to Reg: 0x0B Val: 0x00000002
In clock cycle: 340
Register Write to Reg: 0x0B Val: 0x00000004
In clock cycle: 341
Register Write to Reg: 0x0B Val: 0x10010004
In clock cycle: 342
Register Write to Reg: 0x0C Val: 0x00000009
In clock cycle: 343
Register Write to Reg: 0x08 Val: 0x00000000
In clock cycle: 344
Register Write to Reg: 0x08 Val: 0x00000000
In clock cycle: 345
Register Write to Reg: 0x01 Val: 0x00000001
In clock cycle: 347
Register Write to Reg: 0x11 Val: 0x00000001
In clock cycle: 349
Register Write to Reg: 0x08 Val: 0x00000001
In clock cycle: 350
Register Write to Reg: 0x01 Val: 0x00000001
In clock cycle: 352
Register Write to Reg: 0x09 Val: 0x00000002
In clock cycle: 353
Register Write to Reg: 0x09 Val: 0x00000004
In clock cycle: 354
Register Write to Reg: 0x09 Val: 0x10010004
In clock cycle: 355
Register Write to Reg: 0x0A Val: 0x00000009
In clock cycle: 356
Register Write to Reg: 0x0B Val: 0x00000002
In clock cycle: 357
Register Write to Reg: 0x0B Val: 0x00000004
In clock cycle: 358
Register Write to Reg: 0x0B Val: 0x00000008
In clock cycle: 359
Register Write to Reg: 0x0B Val: 0x10010008
In clock cycle: 360
Register Write to Reg: 0x0C Val: 0x0000000D
In clock cycle: 361
Register Write to Reg: 0x08 Val: 0x00000000
In clock cycle: 362
Register Write to Reg: 0x08 Val: 0x00000000
In clock cycle: 363
Register Write to Reg: 0x01 Val: 0x00000001
In clock cycle: 365
Register Write to Reg: 0x11 Val: 0x00000002
In clock cycle: 367
Register Write to Reg: 0x08 Val: 0x00000001
In clock cycle: 368
Register Write to Reg: 0x01 Val: 0x00000001
In clock cycle: 370
Register Write to Reg: 0x09 Val: 0x00000004
In clock cycle: 371
Register Write to Reg: 0x09 Val: 0x00000008
In clock cycle: 372
Register Write to Reg: 0x09 Val: 0x10010008
In clock cycle: 373
Register Write to Reg: 0x0A Val: 0x0000000D
In clock cycle: 374
Register Write to Reg: 0x0B Val: 0x00000003
In clock cycle: 375
Register Write to Reg: 0x0B Val: 0x00000006
In clock cycle: 376
Register Write to Reg: 0x0B Val: 0x0000000C
In clock cycle: 377
Register Write to Reg: 0x0B Val: 0x1001000C
In clock cycle: 378
Register Write to Reg: 0x0C Val: 0x00000006
In clock cycle: 379
Register Write to Reg: 0x08 Val: 0x00000000
In clock cycle: 380
Register Write to Reg: 0x08 Val: 0x00000001
In clock cycle: 381
Register Write to Reg: 0x01 Val: 0x00000001
In clock cycle: 383
Memory Write to Addr: 0x1001000C Val: 0x0000000D
In clock cycle: 384
Memory Write to Addr: 0x10010008 Val: 0x00000006
In clock cycle: 385
Register Write to Reg: 0x11 Val: 0x00000003
In clock cycle: 387
Register Write to Reg: 0x08 Val: 0x00000001
In clock cycle: 388
Register Write to Reg: 0x01 Val: 0x00000001
In clock cycle: 390
Register Write to Reg: 0x09 Val: 0x00000006
In clock cycle: 391
Register Write to Reg: 0x09 Val: 0x0000000C
In clock cycle: 392
Register Write to Reg: 0x09 Val: 0x1001000C
In clock cycle: 393
Register Write to Reg: 0x0A Val: 0x0000000D
In clock cycle: 394
Register Write to Reg: 0x0B Val: 0x00000004
In clock cycle: 395
Register Write to Reg: 0x0B Val: 0x00000008
In clock cycle: 396
Register Write to Reg: 0x0B Val: 0x00000010
In clock cycle: 397
Register Write to Reg: 0x0B Val: 0x10010010
In clock cycle: 398
Register Write to Reg: 0x0C Val: 0x00000014
In clock cycle: 399
Register Write to Reg: 0x08 Val: 0x00000000
In clock cycle: 400
Register Write to Reg: 0x08 Val: 0x00000000
In clock cycle: 401
Register Write to Reg: 0x01 Val: 0x00000001
In clock cycle: 403
Register Write to Reg: 0x11 Val: 0x00000004
In clock cycle: 405
Register Write to Reg: 0x08 Val: 0x00000001
In clock cycle: 406
Register Write to Reg: 0x01 Val: 0x00000001
In clock cycle: 408
Register Write to Reg: 0x09 Val: 0x00000008
In clock cycle: 409
Register Write to Reg: 0x09 Val: 0x00000010
In clock cycle: 410
Register Write to Reg: 0x09 Val: 0x10010010
In clock cycle: 411
Register Write to Reg: 0x0A Val: 0x00000014
In clock cycle: 412
Register Write to Reg: 0x0B Val: 0x00000005
In clock cycle: 413
Register Write to Reg: 0x0B Val: 0x0000000A
In clock cycle: 414
Register Write to Reg: 0x0B Val: 0x00000014
In clock cycle: 415
Register Write to Reg: 0x0B Val: 0x10010014
In clock cycle: 416
Register Write to Reg: 0x0C Val: 0x00000000
In clock cycle: 417
Register Write to Reg: 0x08 Val: 0x00000000
In clock cycle: 418
Register Write to Reg: 0x08 Val: 0x00000001
In clock cycle: 419
Register Write to Reg: 0x01 Val: 0x00000001
In clock cycle: 421
Memory Write to Addr: 0x10010014 Val: 0x00000014
In clock cycle: 422
Memory Write to Addr: 0x10010010 Val: 0x00000000
In clock cycle: 423
Register Write to Reg: 0x11 Val: 0x00000005
In clock cycle: 425
Register Write to Reg: 0x08 Val: 0x00000000
In clock cycle: 426
Register Write to Reg: 0x01 Val: 0x00000001
In clock cycle: 428
Register Write to Reg: 0x1D Val: 0x7FFFEFD0
In clock cycle: 429
Memory Write to Addr: 0x7FFFEFD0 Val: 0x10010000
In clock cycle: 430
Memory Write to Addr: 0x7FFFEFD4 Val: 0x00000006
In clock cycle: 431
Memory Write to Addr: 0x7FFFEFD8 Val: 0x00400138
In clock cycle: 432
Register Write to Reg: 0x05 Val: 0x00000005
In clock cycle: 433
Register Write to Reg: 0x1F Val: 0x00400138
In clock cycle: 434
Register Write to Reg: 0x01 Val: 0x00000001
In clock cycle: 436
Register Write to Reg: 0x11 Val: 0x00000000
In clock cycle: 437
Register Write to Reg: 0x08 Val: 0x00000000
In clock cycle: 438
Register Write to Reg: 0x12 Val: 0x00000004
In clock cycle: 439
Register Write to Reg: 0x08 Val: 0x00000001
In clock cycle: 440
Register Write to Reg: 0x01 Val: 0x00000001
In clock cycle: 442
Register Write to Reg: 0x09 Val: 0x00000000
In clock cycle: 443
Register Write to Reg: 0x09 Val: 0x00000000
In clock cycle: 444
Register Write to Reg: 0x09 Val: 0x10010000
In clock cycle: 445
Register Write to Reg: 0x0A Val: 0x00000003
In clock cycle: 446
Register Write to Reg: 0x0B Val: 0x00000001
In clock cycle: 447
Register Write to Reg: 0x0B Val: 0x00000002
In clock cycle: 448
Register Write to Reg: 0x0B Val: 0x00000004
In clock cycle: 449
Register Write to Reg: 0x0B Val: 0x10010004
In clock cycle: 450
Register Write to Reg: 0x0C Val: 0x00000009
In clock cycle: 451
Register Write to Reg: 0x08 Val: 0x00000000
In clock cycle: 452
Register Write to Reg: 0x08 Val: 0x00000000
In clock cycle: 453
Register Write to Reg: 0x01 Val: 0x00000001
In clock cycle: 455
Register Write to Reg: 0x11 Val: 0x00000001
In clock cycle: 457
Register Write to Reg: 0x08 Val: 0x00000001
In clock cycle: 458
Register Write to Reg: 0x01 Val: 0x00000001
In clock cycle: 460
Register Write to Reg: 0x09 Val: 0x00000002
In clock cycle: 461
Register Write to Reg: 0x09 Val: 0x00000004
In clock cycle: 462
Register Write to Reg: 0x09 Val: 0x10010004
In clock cycle: 463
Register Write to Reg: 0x0A Val: 0x00000009
In clock cycle: 464
Register Write to Reg: 0x0B Val: 0x00000002
In clock cycle: 465
Register Write to Reg: 0x0B Val: 0x00000004
In clock cycle: 466
Register Write to Reg: 0x0B Val: 0x00000008
In clock cycle: 467
Register Write to Reg: 0x0B Val: 0x10010008
In clock cycle: 468
Register Write to Reg: 0x0C Val: 0x00000006
In clock cycle: 469
Register Write to Reg: 0x08 Val: 0x00000000
In clock cycle: 470
Register Write to Reg: 0x08 Val: 0x00000001
In clock cycle: 471
Register Write to Reg: 0x01 Val: 0x00000001
In clock cycle: 473
Memory Write to Addr: 0x10010008 Val: 0x00000009
In clock cycle: 474
Memory Write to Addr: 0x10010004 Val: 0x00000006
In clock cycle: 475
Register Write to Reg: 0x11 Val: 0x00000002
In clock cycle: 477
Register Write to Reg: 0x08 Val: 0x00000001
In clock cycle: 478
Register Write to Reg: 0x01 Val: 0x00000001
In clock cycle: 480
Register Write to Reg: 0x09 Val: 0x00000004
In clock cycle: 481
Register Write to Reg: 0x09 Val: 0x00000008
In clock cycle: 482
Register Write to Reg: 0x09 Val: 0x10010008
In clock cycle: 483
Register Write to Reg: 0x0A Val: 0x00000009
In clock cycle: 484
Register Write to Reg: 0x0B Val: 0x00000003
In clock cycle: 485
Register Write to Reg: 0x0B Val: 0x00000006
In clock cycle: 486
Register Write to Reg: 0x0B Val: 0x0000000C
In clock cycle: 487
Register Write to Reg: 0x0B Val: 0x1001000C
In clock cycle: 488
Register Write to Reg: 0x0C Val: 0x0000000D
In clock cycle: 489
Register Write to Reg: 0x08 Val: 0x00000000
In clock cycle: 490
Register Write to Reg: 0x08 Val: 0x00000000
In clock cycle: 491
Register Write to Reg: 0x01 Val: 0x00000001
In clock cycle: 493
Register Write to Reg: 0x11 Val: 0x00000003
In clock cycle: 495
Register Write to Reg: 0x08 Val: 0x00000001
In clock cycle: 496
Register Write to Reg: 0x01 Val: 0x00000001
In clock cycle: 498
Register Write to Reg: 0x09 Val: 0x00000006
In clock cycle: 499
Register Write to Reg: 0x09 Val: 0x0000000C
In clock cycle: 500
Register Write to Reg: 0x09 Val: 0x1001000C
In clock cycle: 501
Register Write to Reg: 0x0A Val: 0x0000000D
In clock cycle: 502
Register Write to Reg: 0x0B Val: 0x00000004
In clock cycle: 503
Register Write to Reg: 0x0B Val: 0x00000008
In clock cycle: 504
Register Write to Reg: 0x0B Val: 0x00000010
In clock cycle: 505
Register Write to Reg: 0x0B Val: 0x10010010
In clock cycle: 506
Register Write to Reg: 0x0C Val: 0x00000000
In clock cycle: 507
Register Write to Reg: 0x08 Val: 0x00000000
In clock cycle: 508
Register Write to Reg: 0x08 Val: 0x00000001
In clock cycle: 509
Register Write to Reg: 0x01 Val: 0x00000001
In clock cycle: 511
Memory Write to Addr: 0x10010010 Val: 0x0000000D
In clock cycle: 512
Memory Write to Addr: 0x1001000C Val: 0x00000000
In clock cycle: 513
Register Write to Reg: 0x11 Val: 0x00000004
In clock cycle: 515
Register Write to Reg: 0x08 Val: 0x00000000
In clock cycle: 516
Register Write to Reg: 0x01 Val: 0x00000001
In clock cycle: 518
Register Write to Reg: 0x1D Val: 0x7FFFEFC4
In clock cycle: 519
Memory Write to Addr: 0x7FFFEFC4 Val: 0x10010000
In clock cycle: 520
Memory Write to Addr: 0x7FFFEFC8 Val: 0x00000005
In clock cycle: 521
Memory Write to Addr: 0x7FFFEFCC Val: 0x00400138
In clock cycle: 522
Register Write to Reg: 0x05 Val: 0x00000004
In clock cycle: 523
Register Write to Reg: 0x1F Val: 0x00400138
In clock cycle: 524
Register Write to Reg: 0x01 Val: 0x00000001
In clock cycle: 526
Register Write to Reg: 0x11 Val: 0x00000000
In clock cycle: 527
Register Write to Reg: 0x08 Val: 0x00000000
In clock cycle: 528
Register Write to Reg: 0x12 Val: 0x00000003
In clock cycle: 529
Register Write to Reg: 0x08 Val: 0x00000001
In clock cycle: 530
Register Write to Reg: 0x01 Val: 0x00000001
In clock cycle: 532
Register Write to Reg: 0x09 Val: 0x00000000
In clock cycle: 533
Register Write to Reg: 0x09 Val: 0x00000000
In clock cycle: 534
Register Write to Reg: 0x09 Val: 0x10010000
In clock cycle: 535
Register Write to Reg: 0x0A Val: 0x00000003
In clock cycle: 536
Register Write to Reg: 0x0B Val: 0x00000001
In clock cycle: 537
Register Write to Reg: 0x0B Val: 0x00000002
In clock cycle: 538
Register Write to Reg: 0x0B Val: 0x00000004
In clock cycle: 539
Register Write to Reg: 0x0B Val: 0x10010004
In clock cycle: 540
Register Write to Reg: 0x0C Val: 0x00000006
In clock cycle: 541
Register Write to Reg: 0x08 Val: 0x00000000
In clock cycle: 542
Register Write to Reg: 0x08 Val: 0x00000000
In clock cycle: 543
Register Write to Reg: 0x01 Val: 0x00000001
In clock cycle: 545
Register Write to Reg: 0x11 Val: 0x00000001
In clock cycle: 547
Register Write to Reg: 0x08 Val: 0x00000001
In clock cycle: 548
Register Write to Reg: 0x01 Val: 0x00000001
In clock cycle: 550
Register Write to Reg: 0x09 Val: 0x00000002
In clock cycle: 551
Register Write to Reg: 0x09 Val: 0x00000004
In clock cycle: 552
Register Write to Reg: 0x09 Val: 0x10010004
In clock cycle: 553
Register Write to Reg: 0x0A Val: 0x00000006
In clock cycle: 554
Register Write to Reg: 0x0B Val: 0x00000002
In clock cycle: 555
Register Write to Reg: 0x0B Val: 0x00000004
In clock cycle: 556
Register Write to Reg: 0x0B Val: 0x00000008
In clock cycle: 557
Register Write to Reg: 0x0B Val: 0x10010008
In clock cycle: 558
Register Write to Reg: 0x0C Val: 0x00000009
In clock cycle: 559
Register Write to Reg: 0x08 Val: 0x00000000
In clock cycle: 560
Register Write to Reg: 0x08 Val: 0x00000000
In clock cycle: 561
Register Write to Reg: 0x01 Val: 0x00000001
In clock cycle: 563
Register Write to Reg: 0x11 Val: 0x00000002
In clock cycle: 565
Register Write to Reg: 0x08 Val: 0x00000001
In clock cycle: 566
Register Write to Reg: 0x01 Val: 0x00000001
In clock cycle: 568
Register Write to Reg: 0x09 Val: 0x00000004
In clock cycle: 569
Register Write to Reg: 0x09 Val: 0x00000008
In clock cycle: 570
Register Write to Reg: 0x09 Val: 0x10010008
In clock cycle: 571
Register Write to Reg: 0x0A Val: 0x00000009
In clock cycle: 572
Register Write to Reg: 0x0B Val: 0x00000003
In clock cycle: 573
Register Write to Reg: 0x0B Val: 0x00000006
In clock cycle: 574
Register Write to Reg: 0x0B Val: 0x0000000C
In clock cycle: 575
Register Write to Reg: 0x0B Val: 0x1001000C
In clock cycle: 576
Register Write to Reg: 0x0C Val: 0x00000000
In clock cycle: 577
Register Write to Reg: 0x08 Val: 0x00000000
In clock cycle: 578
Register Write to Reg: 0x08 Val: 0x00000001
In clock cycle: 579
Register Write to Reg: 0x01 Val: 0x00000001
In clock cycle: 581
Memory Write to Addr: 0x1001000C Val: 0x00000009
In clock cycle: 582
Memory Write to Addr: 0x10010008 Val: 0x00000000
In clock cycle: 583
Register Write to Reg: 0x11 Val: 0x00000003
In clock cycle: 585
Register Write to Reg: 0x08 Val: 0x00000000
In clock cycle: 586
Register Write to Reg: 0x01 Val: 0x00000001
In clock cycle: 588
Register Write to Reg: 0x1D Val: 0x7FFFEFB8
In clock cycle: 589
Memory Write to Addr: 0x7FFFEFB8 Val: 0x10010000
In clock cycle: 590
Memory Write to Addr: 0x7FFFEFBC Val: 0x00000004
In clock cycle: 591
Memory Write to Addr: 0x7FFFEFC0 Val: 0x00400138
In clock cycle: 592
Register Write to Reg: 0x05 Val: 0x00000003
In clock cycle: 593
Register Write to Reg: 0x1F Val: 0x00400138
In clock cycle: 594
Register Write to Reg: 0x01 Val: 0x00000001
In clock cycle: 596
Register Write to Reg: 0x11 Val: 0x00000000
In clock cycle: 597
Register Write to Reg: 0x08 Val: 0x00000000
In clock cycle: 598
Register Write to Reg: 0x12 Val: 0x00000002
In clock cycle: 599
Register Write to Reg: 0x08 Val: 0x00000001
In clock cycle: 600
Register Write to Reg: 0x01 Val: 0x00000001
In clock cycle: 602
Register Write to Reg: 0x09 Val: 0x00000000
In clock cycle: 603
Register Write to Reg: 0x09 Val: 0x00000000
In clock cycle: 604
Register Write to Reg: 0x09 Val: 0x10010000
In clock cycle: 605
Register Write to Reg: 0x0A Val: 0x00000003
In clock cycle: 606
Register Write to Reg: 0x0B Val: 0x00000001
In clock cycle: 607
Register Write to Reg: 0x0B Val: 0x00000002
In clock cycle: 608
Register Write to Reg: 0x0B Val: 0x00000004
In clock cycle: 609
Register Write to Reg: 0x0B Val: 0x10010004
In clock cycle: 610
Register Write to Reg: 0x0C Val: 0x00000006
In clock cycle: 611
Register Write to Reg: 0x08 Val: 0x00000000
In clock cycle: 612
Register Write to Reg: 0x08 Val: 0x00000000
In clock cycle: 613
Register Write to Reg: 0x01 Val: 0x00000001
In clock cycle: 615
Register Write to Reg: 0x11 Val: 0x00000001
In clock cycle: 617
Register Write to Reg: 0x08 Val: 0x00000001
In clock cycle: 618
Register Write to Reg: 0x01 Val: 0x00000001
In clock cycle: 620
Register Write to Reg: 0x09 Val: 0x00000002
In clock cycle: 621
Register Write to Reg: 0x09 Val: 0x00000004
In clock cycle: 622
Register Write to Reg: 0x09 Val: 0x10010004
In clock cycle: 623
Register Write to Reg: 0x0A Val: 0x00000006
In clock cycle: 624
Register Write to Reg: 0x0B Val: 0x00000002
In clock cycle: 625
Register Write to Reg: 0x0B Val: 0x00000004
In clock cycle: 626
Register Write to Reg: 0x0B Val: 0x00000008
In clock cycle: 627
Register Write to Reg: 0x0B Val: 0x10010008
In clock cycle: 628
Register Write to Reg: 0x0C Val: 0x00000000
In clock cycle: 629
Register Write to Reg: 0x08 Val: 0x00000000
In clock cycle: 630
Register Write to Reg: 0x08 Val: 0x00000001
In clock cycle: 631
Register Write to Reg: 0x01 Val: 0x00000001
In clock cycle: 633
Memory Write to Addr: 0x10010008 Val: 0x00000006
In clock cycle: 634
Memory Write to Addr: 0x10010004 Val: 0x00000000
In clock cycle: 635
Register Write to Reg: 0x11 Val: 0x00000002
In clock cycle: 637
Register Write to Reg: 0x08 Val: 0x00000000
In clock cycle: 638
Register Write to Reg: 0x01 Val: 0x00000001
In clock cycle: 640
Register Write to Reg: 0x1D Val: 0x7FFFEFAC
In clock cycle: 641
Memory Write to Addr: 0x7FFFEFAC Val: 0x10010000
In clock cycle: 642
Memory Write to Addr: 0x7FFFEFB0 Val: 0x00000003
In clock cycle: 643
Memory Write to Addr: 0x7FFFEFB4 Val: 0x00400138
In clock cycle: 644
Register Write to Reg: 0x05 Val: 0x00000002
In clock cycle: 645
Register Write to Reg: 0x1F Val: 0x00400138
In clock cycle: 646
Register Write to Reg: 0x01 Val: 0x00000001
In clock cycle: 648
Register Write to Reg: 0x11 Val: 0x00000000
In clock cycle: 649
Register Write to Reg: 0x08 Val: 0x00000000
In clock cycle: 650
Register Write to Reg: 0x12 Val: 0x00000001
In clock cycle: 651
Register Write to Reg: 0x08 Val: 0x00000001
In clock cycle: 652
Register Write to Reg: 0x01 Val: 0x00000001
In clock cycle: 654
Register Write to Reg: 0x09 Val: 0x00000000
In clock cycle: 655
Register Write to Reg: 0x09 Val: 0x00000000
In clock cycle: 656
Register Write to Reg: 0x09 Val: 0x10010000
In clock cycle: 657
Register Write to Reg: 0x0A Val: 0x00000003
In clock cycle: 658
Register Write to Reg: 0x0B Val: 0x00000001
In clock cycle: 659
Register Write to Reg: 0x0B Val: 0x00000002
In clock cycle: 660
Register Write to Reg: 0x0B Val: 0x00000004
In clock cycle: 661
Register Write to Reg: 0x0B Val: 0x10010004
In clock cycle: 662
Register Write to Reg: 0x0C Val: 0x00000000
In clock cycle: 663
Register Write to Reg: 0x08 Val: 0x00000000
In clock cycle: 664
Register Write to Reg: 0x08 Val: 0x00000001
In clock cycle: 665
Register Write to Reg: 0x01 Val: 0x00000001
In clock cycle: 667
Memory Write to Addr: 0x10010004 Val: 0x00000003
In clock cycle: 668
Memory Write to Addr: 0x10010000 Val: 0x00000000
In clock cycle: 669
Register Write to Reg: 0x11 Val: 0x00000001
In clock cycle: 671
Register Write to Reg: 0x08 Val: 0x00000000
In clock cycle: 672
Register Write to Reg: 0x01 Val: 0x00000001
In clock cycle: 674
Register Write to Reg: 0x1D Val: 0x7FFFEFA0
In clock cycle: 675
Memory Write to Addr: 0x7FFFEFA0 Val: 0x10010000
In clock cycle: 676
Memory Write to Addr: 0x7FFFEFA4 Val: 0x00000002
In clock cycle: 677
Memory Write to Addr: 0x7FFFEFA8 Val: 0x00400138
In clock cycle: 678
Register Write to Reg: 0x05 Val: 0x00000001
In clock cycle: 679
Register Write to Reg: 0x1F Val: 0x00400138
In clock cycle: 680
Register Write to Reg: 0x01 Val: 0x00000001
In clock cycle: 683
Register Write to Reg: 0x04 Val: 0x10010000
In clock cycle: 684
Register Write to Reg: 0x05 Val: 0x00000002
In clock cycle: 685
Register Write to Reg: 0x1F Val: 0x00400138
In clock cycle: 686
Register Write to Reg: 0x1D Val: 0x7FFFEFAC
In clock cycle: 688
Register Write to Reg: 0x04 Val: 0x10010000
In clock cycle: 689
Register Write to Reg: 0x05 Val: 0x00000003
In clock cycle: 690
Register Write to Reg: 0x1F Val: 0x00400138
In clock cycle: 691
Register Write to Reg: 0x1D Val: 0x7FFFEFB8
In clock cycle: 693
Register Write to Reg: 0x04 Val: 0x10010000
In clock cycle: 694
Register Write to Reg: 0x05 Val: 0x00000004
In clock cycle: 695
Register Write to Reg: 0x1F Val: 0x00400138
In clock cycle: 696
Register Write to Reg: 0x1D Val: 0x7FFFEFC4
In clock cycle: 698
Register Write to Reg: 0x04 Val: 0x10010000
In clock cycle: 699
Register Write to Reg: 0x05 Val: 0x00000005
In clock cycle: 700
Register Write to Reg: 0x1F Val: 0x00400138
In clock cycle: 701
Register Write to Reg: 0x1D Val: 0x7FFFEFD0
In clock cycle: 703
Register Write to Reg: 0x04 Val: 0x10010000
In clock cycle: 704
Register Write to Reg: 0x05 Val: 0x00000006
In clock cycle: 705
Register Write to Reg: 0x1F Val: 0x00400138
In clock cycle: 706
Register Write to Reg: 0x1D Val: 0x7FFFEFDC
In clock cycle: 708
Register Write to Reg: 0x04 Val: 0x10010000
In clock cycle: 709
Register Write to Reg: 0x05 Val: 0x00000007
In clock cycle: 710
Register Write to Reg: 0x1F Val: 0x00400138
In clock cycle: 711
Register Write to Reg: 0x1D Val: 0x7FFFEFE8
In clock cycle: 713
Register Write to Reg: 0x04 Val: 0x10010000
In clock cycle: 714
Register Write to Reg: 0x05 Val: 0x00000008
In clock cycle: 715
Register Write to Reg: 0x1F Val: 0x004000A4
In clock cycle: 716
Register Write to Reg: 0x1D Val: 0x7FFFEFF4
In clock cycle: 718
Register Write to Reg: 0x01 Val: 0x10010000
In clock cycle: 719
Register Write to Reg: 0x04 Val: 0x10010000
In clock cycle: 720
Register Write to Reg: 0x05 Val: 0x00000008
In clock cycle: 721
Register Write to Reg: 0x1F Val: 0x004000B4
In clock cycle: 722
Register Write to Reg: 0x10 Val: 0x10010000
In clock cycle: 723
Register Write to Reg: 0x09 Val: 0x00000008
In clock cycle: 724
Register Write to Reg: 0x01 Val: 0x10010000
In clock cycle: 725
Register Write to Reg: 0x04 Val: 0x10010027
In clock cycle: 726
Register Write to Reg: 0x02 Val: 0x00000004
In clock cycle: 727
Register Write to Reg: 0x00 Val: 0x00000000
In clock cycle: 728
Register Write to Reg: 0x04 Val: 0x00000000
In clock cycle: 729
Register Write to Reg: 0x02 Val: 0x00000001
In clock cycle: 730
Register Write to Reg: 0x00 Val: 0x00000000
In clock cycle: 731
Register Write to Reg: 0x01 Val: 0x10010000
In clock cycle: 732
Register Write to Reg: 0x04 Val: 0x10010024
In clock cycle: 733
Register Write to Reg: 0x02 Val: 0x00000004
In clock cycle: 734
Register Write to Reg: 0x00 Val: 0x00000000
In clock cycle: 735
Register Write to Reg: 0x10 Val: 0x10010004
In clock cycle: 736
Register Write to Reg: 0x09 Val: 0x00000007
In clock cycle: 738
Register Write to Reg: 0x04 Val: 0x00000003
In clock cycle: 739
Register Write to Reg: 0x02 Val: 0x00000001
In clock cycle: 740
Register Write to Reg: 0x00 Val: 0x00000000
In clock cycle: 741
Register Write to Reg: 0x01 Val: 0x10010000
In clock cycle: 742
Register Write to Reg: 0x04 Val: 0x10010024
In clock cycle: 743
Register Write to Reg: 0x02 Val: 0x00000004
In clock cycle: 744
Register Write to Reg: 0x00 Val: 0x00000000
In clock cycle: 745
Register Write to Reg: 0x10 Val: 0x10010008
In clock cycle: 746
Register Write to Reg: 0x09 Val: 0x00000006
In clock cycle: 748
Register Write to Reg: 0x04 Val: 0x00000006
In clock cycle: 749
Register Write to Reg: 0x02 Val: 0x00000001
In clock cycle: 750
Register Write to Reg: 0x00 Val: 0x00000000
In clock cycle: 751
Register Write to Reg: 0x01 Val: 0x10010000
In clock cycle: 752
Register Write to Reg: 0x04 Val: 0x10010024
In clock cycle: 753
Register Write to Reg: 0x02 Val: 0x00000004
In clock cycle: 754
Register Write to Reg: 0x00 Val: 0x00000000
In clock cycle: 755
Register Write to Reg: 0x10 Val: 0x1001000C
In clock cycle: 756
Register Write to Reg: 0x09 Val: 0x00000005
In clock cycle: 758
Register Write to Reg: 0x04 Val: 0x00000009
In clock cycle: 759
Register Write to Reg: 0x02 Val: 0x00000001
In clock cycle: 760
Register Write to Reg: 0x00 Val: 0x00000000
In clock cycle: 761
Register Write to Reg: 0x01 Val: 0x10010000
In clock cycle: 762
Register Write to Reg: 0x04 Val: 0x10010024
In clock cycle: 763
Register Write to Reg: 0x02 Val: 0x00000004
In clock cycle: 764
Register Write to Reg: 0x00 Val: 0x00000000
In clock cycle: 765
Register Write to Reg: 0x10 Val: 0x10010010
In clock cycle: 766
Register Write to Reg: 0x09 Val: 0x00000004
In clock cycle: 768
Register Write to Reg: 0x04 Val: 0x0000000D
In clock cycle: 769
Register Write to Reg: 0x02 Val: 0x00000001
In clock cycle: 770
Register Write to Reg: 0x00 Val: 0x00000000
In clock cycle: 771
Register Write to Reg: 0x01 Val: 0x10010000
In clock cycle: 772
Register Write to Reg: 0x04 Val: 0x10010024
In clock cycle: 773
Register Write to Reg: 0x02 Val: 0x00000004
In clock cycle: 774
Register Write to Reg: 0x00 Val: 0x00000000
In clock cycle: 775
Register Write to Reg: 0x10 Val: 0x10010014
In clock cycle: 776
Register Write to Reg: 0x09 Val: 0x00000003
In clock cycle: 778
Register Write to Reg: 0x04 Val: 0x00000014
In clock cycle: 779
Register Write to Reg: 0x02 Val: 0x00000001
In clock cycle: 780
Register Write to Reg: 0x00 Val: 0x00000000
In clock cycle: 781
Register Write to Reg: 0x01 Val: 0x10010000
In clock cycle: 782
Register Write to Reg: 0x04 Val: 0x10010024
In clock cycle: 783
Register Write to Reg: 0x02 Val: 0x00000004
In clock cycle: 784
Register Write to Reg: 0x00 Val: 0x00000000
In clock cycle: 785
Register Write to Reg: 0x10 Val: 0x10010018
In clock cycle: 786
Register Write to Reg: 0x09 Val: 0x00000002
In clock cycle: 788
Register Write to Reg: 0x04 Val: 0x00000065
In clock cycle: 789
Register Write to Reg: 0x02 Val: 0x00000001
In clock cycle: 790
Register Write to Reg: 0x00 Val: 0x00000000
In clock cycle: 791
Register Write to Reg: 0x01 Val: 0x10010000
In clock cycle: 792
Register Write to Reg: 0x04 Val: 0x10010024
In clock cycle: 793
Register Write to Reg: 0x02 Val: 0x00000004
In clock cycle: 794
Register Write to Reg: 0x00 Val: 0x00000000
In clock cycle: 795
Register Write to Reg: 0x10 Val: 0x1001001C
In clock cycle: 796
Register Write to Reg: 0x09 Val: 0x00000001
In clock cycle: 798
Register Write to Reg: 0x04 Val: 0x00000071
In clock cycle: 799
Register Write to Reg: 0x02 Val: 0x00000001
In clock cycle: 800
Register Write to Reg: 0x00 Val: 0x00000000
In clock cycle: 801
Register Write to Reg: 0x01 Val: 0x10010000
In clock cycle: 802
Register Write to Reg: 0x04 Val: 0x10010024
In clock cycle: 803
Register Write to Reg: 0x02 Val: 0x00000004
In clock cycle: 804
Register Write to Reg: 0x00 Val: 0x00000000
In clock cycle: 805
Register Write to Reg: 0x10 Val: 0x10010020
In clock cycle: 806
Register Write to Reg: 0x09 Val: 0x00000000
In clock cycle: 809
Register Write to Reg: 0x02 Val: 0x0000000A
In clock cycle: 810
Register Write to Reg: 0x00 Val: 0x00000000
Execution is stopping!
